  main.cpp
e:\session 5\infographie\semaine 10\travail pratique 3\procedural-city\procedural-city\lab1\main.cpp(194): warning C4305: 'argument' : troncation de 'double' à 'GLfloat'
e:\session 5\infographie\semaine 10\travail pratique 3\procedural-city\procedural-city\lab1\main.cpp(223): warning C4305: 'argument' : troncation de 'double' à 'GLfloat'
e:\session 5\infographie\semaine 10\travail pratique 3\procedural-city\procedural-city\lab1\main.cpp(237): warning C4244: 'initialisation' : conversion de 'int' en 'float', perte possible de données
e:\session 5\infographie\semaine 10\travail pratique 3\procedural-city\procedural-city\lab1\main.cpp(241): warning C4244: 'argument' : conversion de 'float' en 'const _Ty', perte possible de données
          with
          [
              _Ty=GLuint
          ]
e:\session 5\infographie\semaine 10\travail pratique 3\procedural-city\procedural-city\lab1\main.cpp(245): warning C4244: '=' : conversion de 'int' en 'float', perte possible de données
e:\session 5\infographie\semaine 10\travail pratique 3\procedural-city\procedural-city\lab1\main.cpp(249): warning C4244: 'argument' : conversion de 'float' en 'const _Ty', perte possible de données
          with
          [
              _Ty=GLuint
          ]
e:\session 5\infographie\semaine 10\travail pratique 3\procedural-city\procedural-city\lab1\main.cpp(437): warning C4244: '=' : conversion de 'int' en 'GLfloat', perte possible de données
e:\session 5\infographie\semaine 10\travail pratique 3\procedural-city\procedural-city\lab1\main.cpp(438): warning C4244: '=' : conversion de 'int' en 'GLfloat', perte possible de données
e:\session 5\infographie\semaine 10\travail pratique 3\procedural-city\procedural-city\lab1\main.cpp(442): warning C4244: '=' : conversion de 'int' en 'GLfloat', perte possible de données
e:\session 5\infographie\semaine 10\travail pratique 3\procedural-city\procedural-city\lab1\main.cpp(443): warning C4244: '=' : conversion de 'int' en 'GLfloat', perte possible de données
e:\session 5\infographie\semaine 10\travail pratique 3\procedural-city\procedural-city\lab1\main.cpp(449): warning C4244: '=' : conversion de 'int' en 'GLfloat', perte possible de données
e:\session 5\infographie\semaine 10\travail pratique 3\procedural-city\procedural-city\lab1\main.cpp(450): warning C4244: '=' : conversion de 'int' en 'GLfloat', perte possible de données
e:\session 5\infographie\semaine 10\travail pratique 3\procedural-city\procedural-city\lab1\main.cpp(452): warning C4305: 'initialisation' : troncation de 'double' à 'GLfloat'
  Lab1.vcxproj -> E:\Session 5\Infographie\Semaine 10\Travail Pratique 3\procedural-city\procedural-city\Debug\Lab2.exe
